<?xml version="1.0" encoding="UTF-8"?>
<testsuite xmlns:xsi="http://www.w3.org/2001/XMLSchema-instance" xsi:noNamespaceSchemaLocation="https://maven.apache.org/surefire/maven-surefire-plugin/xsd/surefire-test-report-3.0.xsd" version="3.0" name="com.tienda.tcg.TiendaApplicationTests" time="12.398" tests="1" errors="0" skipped="0" failures="0">
  <properties>
[...]
</properties>
  <testcase name="contextLoads" classname="com.tienda.tcg.TiendaApplicationTests" time="0.908">
    <system-out><![CDATA[16:11:07.094 [main] INFO org.springframework.test.context.support.AnnotationConfigContextLoaderUtils -- Could not detect default configuration classes for test class [com.tienda.tcg.TiendaApplicationTests]: TiendaApplicationTests does not declare any static, non-private, non-final, nested classes annotated with @Configuration.
16:11:07.317 [main] INFO org.springframework.boot.test.context.SpringBootTestContextBootstrapper -- Found @SpringBootConfiguration com.tienda.tcg.TiendaApplication for test class com.tienda.tcg.TiendaApplicationTests

  .   ____          _            __ _ _
 /\\ / ___'_ __ _ _(_)_ __  __ _ \ \ \ \
( ( )\___ | '_ | '_| | '_ \/ _` | \ \ \ \
 \\/  ___)| |_)| | | | | || (_| |  ) ) ) )
  '  |____| .__|_| |_|_| |_\__, | / / / /
 =========|_|==============|___/=/_/_/_/

 :: Spring Boot ::               (v3.3.13)

2025-08-25T16:11:08.212-06:00  INFO 6256 --- [           main] com.tienda.tcg.TiendaApplicationTests    : Starting TiendaApplicationTests using Java 17.0.15 with PID 6256 (started by vazqu in C:\Users\vazqu\OneDrive\Escritorio\recopilacion pasiva de datos\tienda tcg online\tienda)
2025-08-25T16:11:08.216-06:00  INFO 6256 --- [           main] com.tienda.tcg.TiendaApplicationTests    : No active profile set, falling back to 1 default profile: "default"
2025-08-25T16:11:10.056-06:00  INFO 6256 --- [           main] .s.d.r.c.RepositoryConfigurationDelegate : Bootstrapping Spring Data JPA repositories in DEFAULT mode.
2025-08-25T16:11:10.182-06:00  INFO 6256 --- [           main] .s.d.r.c.RepositoryConfigurationDelegate : Finished Spring Data repository scanning in 109 ms. Found 3 JPA repository interfaces.
2025-08-25T16:11:11.098-06:00  INFO 6256 --- [           main] o.hibernate.jpa.internal.util.LogHelper  : HHH000204: Processing PersistenceUnitInfo [name: default]
2025-08-25T16:11:11.230-06:00  INFO 6256 --- [           main] org.hibernate.Version                    : HHH000412: Hibernate ORM core version 6.5.3.Final
2025-08-25T16:11:11.316-06:00  INFO 6256 --- [           main] o.h.c.internal.RegionFactoryInitiator    : HHH000026: Second-level cache disabled
2025-08-25T16:11:12.122-06:00  INFO 6256 --- [           main] o.s.o.j.p.SpringPersistenceUnitInfo      : No LoadTimeWeaver setup: ignoring JPA class transformer
2025-08-25T16:11:12.216-06:00  INFO 6256 --- [           main] com.zaxxer.hikari.HikariDataSource       : HikariPool-1 - Starting...
2025-08-25T16:11:12.883-06:00  INFO 6256 --- [           main] com.zaxxer.hikari.pool.HikariPool        : HikariPool-1 - Added connection com.mysql.cj.jdbc.ConnectionImpl@36e3321e
2025-08-25T16:11:12.889-06:00  INFO 6256 --- [           main] com.zaxxer.hikari.HikariDataSource       : HikariPool-1 - Start completed.
2025-08-25T16:11:12.987-06:00  WARN 6256 --- [           main] org.hibernate.orm.deprecation            : HHH90000025: MySQL8Dialect does not need to be specified explicitly using 'hibernate.dialect' (remove the property setting and it will be selected by default)
2025-08-25T16:11:12.988-06:00  WARN 6256 --- [           main] org.hibernate.orm.deprecation            : HHH90000026: MySQL8Dialect has been deprecated; use org.hibernate.dialect.MySQLDialect instead
2025-08-25T16:11:14.428-06:00  INFO 6256 --- [           main] o.h.e.t.j.p.i.JtaPlatformInitiator       : HHH000489: No JTA platform available (set 'hibernate.transaction.jta.platform' to enable JTA platform integration)
2025-08-25T16:11:14.432-06:00  INFO 6256 --- [           main] j.LocalContainerEntityManagerFactoryBean : Initialized JPA EntityManagerFactory for persistence unit 'default'
2025-08-25T16:11:15.253-06:00  INFO 6256 --- [           main] o.s.d.j.r.query.QueryEnhancerFactory     : Hibernate is in classpath; If applicable, HQL parser will be used.
2025-08-25T16:11:16.275-06:00  WARN 6256 --- [           main] JpaBaseConfiguration$JpaWebConfiguration : spring.jpa.open-in-view is enabled by default. Therefore, database queries may be performed during view rendering. Explicitly configure spring.jpa.open-in-view to disable this warning
2025-08-25T16:11:16.327-06:00  INFO 6256 --- [           main] o.s.b.a.w.s.WelcomePageHandlerMapping    : Adding welcome page: class path resource [static/index.html]
2025-08-25T16:11:17.576-06:00  WARN 6256 --- [           main] .s.s.UserDetailsServiceAutoConfiguration : 

Using generated security password: d81e4ce5-0752-4af4-9840-9f10c8fbdae0

This generated password is for development use only. Your security configuration must be updated before running your application in production.

2025-08-25T16:11:17.620-06:00  INFO 6256 --- [           main] r$InitializeUserDetailsManagerConfigurer : Global AuthenticationManager configured with UserDetailsService bean with name inMemoryUserDetailsManager
2025-08-25T16:11:17.874-06:00  INFO 6256 --- [           main] o.s.b.a.e.web.EndpointLinksResolver      : Exposing 1 endpoint beneath base path '/actuator'
2025-08-25T16:11:18.160-06:00  INFO 6256 --- [           main] com.tienda.tcg.TiendaApplicationTests    : Started TiendaApplicationTests in 10.517 seconds (process running for 12.61)
]]></system-out>
  </testcase>
</testsuite>